
*** Running vivado
    with args -log Optellen.vdi -applog -m64 -product Vivado -messageDb vivado.pb -mode batch -source Optellen.tcl -notrace


****** Vivado v2018.2 (64-bit)
  **** SW Build 2258646 on Thu Jun 14 20:03:12 MDT 2018
  **** IP Build 2256618 on Thu Jun 14 22:10:49 MDT 2018
    ** Copyright 1986-2018 Xilinx, Inc. All Rights Reserved.

source Optellen.tcl -notrace
Command: open_checkpoint D:/VivadoProjects/Sessie6_Opteller/Sessie6_Opteller.runs/impl_13/Optellen.dcp

Starting open_checkpoint Task

Time (s): cpu = 00:00:00 ; elapsed = 00:00:00.035 . Memory (MB): peak = 232.273 ; gain = 0.000
INFO: [Netlist 29-17] Analyzing 10 Unisim elements for replacement
INFO: [Netlist 29-28] Unisim Transformation completed in 0 CPU seconds
INFO: [Project 1-479] Netlist was created with Vivado 2018.2
INFO: [Device 21-403] Loading part xc7a100tcsg324-1
INFO: [Project 1-570] Preparing netlist for logic optimization
INFO: [Project 1-111] Unisim Transformation Summary:
No Unisim elements were transformed.

INFO: [Project 1-604] Checkpoint was created with Vivado v2018.2 (64-bit) build 2258646
open_checkpoint: Time (s): cpu = 00:00:06 ; elapsed = 00:00:09 . Memory (MB): peak = 585.105 ; gain = 360.660
Command: opt_design
Attempting to get a license for feature 'Implementation' and/or device 'xc7a100t'
INFO: [Common 17-349] Got license for feature 'Implementation' and/or device 'xc7a100t'
Running DRC as a precondition to command opt_design

Starting DRC Task
INFO: [DRC 23-27] Running DRC with 2 threads
INFO: [Project 1-461] DRC finished with 0 Errors
INFO: [Project 1-462] Please refer to the DRC report (report_drc) for more information.

Time (s): cpu = 00:00:01 ; elapsed = 00:00:00.679 . Memory (MB): peak = 604.273 ; gain = 17.445

Starting Cache Timing Information Task
INFO: [Timing 38-35] Done setting XDC timing constraints.
Ending Cache Timing Information Task | Checksum: a0d4ddca

Time (s): cpu = 00:00:11 ; elapsed = 00:00:13 . Memory (MB): peak = 1128.551 ; gain = 524.277

Starting Logic Optimization Task

Phase 1 Retarget
INFO: [Opt 31-138] Pushed 0 inverter(s) to 0 load pin(s).
INFO: [Opt 31-49] Retargeted 0 cell(s).
Phase 1 Retarget | Checksum: a0d4ddca

Time (s): cpu = 00:00:00 ; elapsed = 00:00:00.023 . Memory (MB): peak = 1128.551 ; gain = 0.000
INFO: [Opt 31-389] Phase Retarget created 0 cells and removed 0 cells

Phase 2 Constant propagation
INFO: [Opt 31-138] Pushed 0 inverter(s) to 0 load pin(s).
Phase 2 Constant propagation | Checksum: a0d4ddca

Time (s): cpu = 00:00:00 ; elapsed = 00:00:00.024 . Memory (MB): peak = 1128.551 ; gain = 0.000
INFO: [Opt 31-389] Phase Constant propagation created 0 cells and removed 0 cells

Phase 3 Sweep
Phase 3 Sweep | Checksum: a0d4ddca

Time (s): cpu = 00:00:00 ; elapsed = 00:00:00.025 . Memory (MB): peak = 1128.551 ; gain = 0.000
INFO: [Opt 31-389] Phase Sweep created 0 cells and removed 0 cells

Phase 4 BUFG optimization
Phase 4 BUFG optimization | Checksum: a0d4ddca

Time (s): cpu = 00:00:00 ; elapsed = 00:00:00.027 . Memory (MB): peak = 1128.551 ; gain = 0.000
INFO: [Opt 31-662] Phase BUFG optimization created 0 cells of which 0 are BUFGs and removed 0 cells.

Phase 5 Shift Register Optimization
Phase 5 Shift Register Optimization | Checksum: a0d4ddca

Time (s): cpu = 00:00:00 ; elapsed = 00:00:00.030 . Memory (MB): peak = 1128.551 ; gain = 0.000
INFO: [Opt 31-389] Phase Shift Register Optimization created 0 cells and removed 0 cells

Phase 6 Post Processing Netlist
Phase 6 Post Processing Netlist | Checksum: a0d4ddca

Time (s): cpu = 00:00:00 ; elapsed = 00:00:00.031 . Memory (MB): peak = 1128.551 ; gain = 0.000
INFO: [Opt 31-389] Phase Post Processing Netlist created 0 cells and removed 0 cells

Starting Connectivity Check Task

Time (s): cpu = 00:00:00 ; elapsed = 00:00:00 . Memory (MB): peak = 1128.551 ; gain = 0.000
Ending Logic Optimization Task | Checksum: a0d4ddca

Time (s): cpu = 00:00:00 ; elapsed = 00:00:00.032 . Memory (MB): peak = 1128.551 ; gain = 0.000

Starting Power Optimization Task
INFO: [Pwropt 34-132] Skipping clock gating for clocks with a period < 2.00 ns.
Ending Power Optimization Task | Checksum: a0d4ddca

Time (s): cpu = 00:00:00 ; elapsed = 00:00:00.008 . Memory (MB): peak = 1128.551 ; gain = 0.000

Starting Final Cleanup Task
Ending Final Cleanup Task | Checksum: a0d4ddca

Time (s): cpu = 00:00:00 ; elapsed = 00:00:00 . Memory (MB): peak = 1128.551 ; gain = 0.000
INFO: [Common 17-83] Releasing license: Implementation
23 Infos, 0 Warnings, 0 Critical Warnings and 0 Errors encountered.
opt_design completed successfully
opt_design: Time (s): cpu = 00:00:12 ; elapsed = 00:00:13 . Memory (MB): peak = 1128.551 ; gain = 543.445
WARNING: [Constraints 18-5210] No constraint will be written out.
INFO: [Common 17-1381] The checkpoint 'D:/VivadoProjects/Sessie6_Opteller/Sessie6_Opteller.runs/impl_13/Optellen_opt.dcp' has been generated.
INFO: [runtcl-4] Executing : report_drc -file Optellen_drc_opted.rpt -pb Optellen_drc_opted.pb -rpx Optellen_drc_opted.rpx
Command: report_drc -file Optellen_drc_opted.rpt -pb Optellen_drc_opted.pb -rpx Optellen_drc_opted.rpx
INFO: [IP_Flow 19-234] Refreshing IP repositories
INFO: [IP_Flow 19-1704] No user IP repositories specified
INFO: [IP_Flow 19-2313] Loaded Vivado IP repository 'C:/Xilinx/Vivado/2018.2/data/ip'.
INFO: [DRC 23-27] Running DRC with 2 threads
INFO: [Coretcl 2-168] The results of DRC are in file D:/VivadoProjects/Sessie6_Opteller/Sessie6_Opteller.runs/impl_13/Optellen_drc_opted.rpt.
report_drc completed successfully
Command: place_design
Attempting to get a license for feature 'Implementation' and/or device 'xc7a100t'
INFO: [Common 17-349] Got license for feature 'Implementation' and/or device 'xc7a100t'
INFO: [DRC 23-27] Running DRC with 2 threads
INFO: [Vivado_Tcl 4-198] DRC finished with 0 Errors
INFO: [Vivado_Tcl 4-199] Please refer to the DRC report (report_drc) for more information.
Running DRC as a precondition to command place_design
INFO: [DRC 23-27] Running DRC with 2 threads
INFO: [Vivado_Tcl 4-198] DRC finished with 0 Errors
INFO: [Vivado_Tcl 4-199] Please refer to the DRC report (report_drc) for more information.

Starting Placer Task
INFO: [Place 30-611] Multithreading enabled for place_design using a maximum of 2 CPUs

Phase 1 Placer Initialization

Phase 1.1 Placer Initialization Netlist Sorting
Netlist sorting complete. Time (s): cpu = 00:00:00 ; elapsed = 00:00:00 . Memory (MB): peak = 1128.551 ; gain = 0.000
Phase 1.1 Placer Initialization Netlist Sorting | Checksum: 9590bde2

Time (s): cpu = 00:00:00 ; elapsed = 00:00:00.003 . Memory (MB): peak = 1128.551 ; gain = 0.000
Netlist sorting complete. Time (s): cpu = 00:00:00 ; elapsed = 00:00:00 . Memory (MB): peak = 1128.551 ; gain = 0.000

Phase 1.2 IO Placement/ Clock Placement/ Build Placer Device
INFO: [Timing 38-35] Done setting XDC timing constraints.
Phase 1.2 IO Placement/ Clock Placement/ Build Placer Device | Checksum: 10ffde70b

Time (s): cpu = 00:00:01 ; elapsed = 00:00:00.811 . Memory (MB): peak = 1147.711 ; gain = 19.160

Phase 1.3 Build Placer Netlist Model
Phase 1.3 Build Placer Netlist Model | Checksum: 14364212b

Time (s): cpu = 00:00:01 ; elapsed = 00:00:00.845 . Memory (MB): peak = 1147.711 ; gain = 19.160

Phase 1.4 Constrain Clocks/Macros
Phase 1.4 Constrain Clocks/Macros | Checksum: 14364212b

Time (s): cpu = 00:00:01 ; elapsed = 00:00:00.847 . Memory (MB): peak = 1147.711 ; gain = 19.160
Phase 1 Placer Initialization | Checksum: 14364212b

Time (s): cpu = 00:00:01 ; elapsed = 00:00:00.848 . Memory (MB): peak = 1147.711 ; gain = 19.160

Phase 2 Global Placement

Phase 2.1 Floorplanning
Phase 2.1 Floorplanning | Checksum: 14364212b

Time (s): cpu = 00:00:01 ; elapsed = 00:00:00.874 . Memory (MB): peak = 1147.711 ; gain = 19.160
WARNING: [Place 46-29] place_design is not in timing mode. Skip physical synthesis in placer
Phase 2 Global Placement | Checksum: 1af5aa4a8

Time (s): cpu = 00:00:01 ; elapsed = 00:00:01 . Memory (MB): peak = 1149.133 ; gain = 20.582

Phase 3 Detail Placement

Phase 3.1 Commit Multi Column Macros
Phase 3.1 Commit Multi Column Macros | Checksum: 1af5aa4a8

Time (s): cpu = 00:00:01 ; elapsed = 00:00:01 . Memory (MB): peak = 1149.133 ; gain = 20.582

Phase 3.2 Commit Most Macros & LUTRAMs
Phase 3.2 Commit Most Macros & LUTRAMs | Checksum: 13f04f93e

Time (s): cpu = 00:00:02 ; elapsed = 00:00:01 . Memory (MB): peak = 1149.133 ; gain = 20.582

Phase 3.3 Area Swap Optimization
Phase 3.3 Area Swap Optimization | Checksum: 18d3d311d

Time (s): cpu = 00:00:02 ; elapsed = 00:00:01 . Memory (MB): peak = 1149.133 ; gain = 20.582

Phase 3.4 Pipeline Register Optimization
Phase 3.4 Pipeline Register Optimization | Checksum: 18d3d311d

Time (s): cpu = 00:00:02 ; elapsed = 00:00:01 . Memory (MB): peak = 1149.133 ; gain = 20.582

Phase 3.5 Small Shape Detail Placement
Phase 3.5 Small Shape Detail Placement | Checksum: 1c576bdfe

Time (s): cpu = 00:00:03 ; elapsed = 00:00:02 . Memory (MB): peak = 1153.531 ; gain = 24.980

Phase 3.6 Re-assign LUT pins
Phase 3.6 Re-assign LUT pins | Checksum: 1c576bdfe

Time (s): cpu = 00:00:03 ; elapsed = 00:00:02 . Memory (MB): peak = 1153.531 ; gain = 24.980

Phase 3.7 Pipeline Register Optimization
Phase 3.7 Pipeline Register Optimization | Checksum: 1c576bdfe

Time (s): cpu = 00:00:03 ; elapsed = 00:00:02 . Memory (MB): peak = 1153.531 ; gain = 24.980
Phase 3 Detail Placement | Checksum: 1c576bdfe

Time (s): cpu = 00:00:03 ; elapsed = 00:00:02 . Memory (MB): peak = 1153.531 ; gain = 24.980

Phase 4 Post Placement Optimization and Clean-Up

Phase 4.1 Post Commit Optimization
Phase 4.1 Post Commit Optimization | Checksum: 1c576bdfe

Time (s): cpu = 00:00:03 ; elapsed = 00:00:02 . Memory (MB): peak = 1153.531 ; gain = 24.980

Phase 4.2 Post Placement Cleanup
Phase 4.2 Post Placement Cleanup | Checksum: 1c576bdfe

Time (s): cpu = 00:00:03 ; elapsed = 00:00:02 . Memory (MB): peak = 1153.531 ; gain = 24.980

Phase 4.3 Placer Reporting
Phase 4.3 Placer Reporting | Checksum: 1c576bdfe

Time (s): cpu = 00:00:03 ; elapsed = 00:00:02 . Memory (MB): peak = 1153.531 ; gain = 24.980

Phase 4.4 Final Placement Cleanup
Phase 4.4 Final Placement Cleanup | Checksum: 1c576bdfe

Time (s): cpu = 00:00:03 ; elapsed = 00:00:02 . Memory (MB): peak = 1153.531 ; gain = 24.980
Phase 4 Post Placement Optimization and Clean-Up | Checksum: 1c576bdfe

Time (s): cpu = 00:00:03 ; elapsed = 00:00:02 . Memory (MB): peak = 1153.531 ; gain = 24.980
Ending Placer Task | Checksum: 10ce97610

Time (s): cpu = 00:00:03 ; elapsed = 00:00:02 . Memory (MB): peak = 1153.531 ; gain = 24.980
INFO: [Common 17-83] Releasing license: Implementation
40 Infos, 2 Warnings, 0 Critical Warnings and 0 Errors encountered.
place_design completed successfully
WARNING: [Constraints 18-5210] No constraint will be written out.
Writing placer database...
Writing XDEF routing.
Writing XDEF routing logical nets.
Writing XDEF routing special nets.
Write XDEF Complete: Time (s): cpu = 00:00:00 ; elapsed = 00:00:00.120 . Memory (MB): peak = 1153.531 ; gain = 0.000
INFO: [Common 17-1381] The checkpoint 'D:/VivadoProjects/Sessie6_Opteller/Sessie6_Opteller.runs/impl_13/Optellen_placed.dcp' has been generated.
INFO: [runtcl-4] Executing : report_io -file Optellen_io_placed.rpt
report_io: Time (s): cpu = 00:00:00 ; elapsed = 00:00:00.043 . Memory (MB): peak = 1153.531 ; gain = 0.000
INFO: [runtcl-4] Executing : report_utilization -file Optellen_utilization_placed.rpt -pb Optellen_utilization_placed.pb
report_utilization: Time (s): cpu = 00:00:00 ; elapsed = 00:00:00.046 . Memory (MB): peak = 1153.531 ; gain = 0.000
INFO: [runtcl-4] Executing : report_control_sets -verbose -file Optellen_control_sets_placed.rpt
report_control_sets: Time (s): cpu = 00:00:00 ; elapsed = 00:00:00.004 . Memory (MB): peak = 1153.531 ; gain = 0.000
Command: route_design
Attempting to get a license for feature 'Implementation' and/or device 'xc7a100t'
INFO: [Common 17-349] Got license for feature 'Implementation' and/or device 'xc7a100t'
Running DRC as a precondition to command route_design
INFO: [DRC 23-27] Running DRC with 2 threads
INFO: [Vivado_Tcl 4-198] DRC finished with 0 Errors
INFO: [Vivado_Tcl 4-199] Please refer to the DRC report (report_drc) for more information.


Starting Routing Task
INFO: [Route 35-254] Multithreading enabled for route_design using a maximum of 2 CPUs
Checksum: PlaceDB: 7758b82e ConstDB: 0 ShapeSum: 9590bde2 RouteDB: 0

Phase 1 Build RT Design
Phase 1 Build RT Design | Checksum: 15ac39c31

Time (s): cpu = 00:00:34 ; elapsed = 00:00:30 . Memory (MB): peak = 1315.102 ; gain = 161.570
Post Restoration Checksum: NetGraph: 8aa9cbb8 NumContArr: d019d079 Constraints: 0 Timing: 0

Phase 2 Router Initialization
INFO: [Route 35-64] No timing constraints were detected. The router will operate in resource-optimization mode.

Phase 2.1 Fix Topology Constraints
Phase 2.1 Fix Topology Constraints | Checksum: 15ac39c31

Time (s): cpu = 00:00:34 ; elapsed = 00:00:30 . Memory (MB): peak = 1321.160 ; gain = 167.629

Phase 2.2 Pre Route Cleanup
Phase 2.2 Pre Route Cleanup | Checksum: 15ac39c31

Time (s): cpu = 00:00:34 ; elapsed = 00:00:30 . Memory (MB): peak = 1321.160 ; gain = 167.629
 Number of Nodes with overlaps = 0
Phase 2 Router Initialization | Checksum: 14be9fa6b

Time (s): cpu = 00:00:35 ; elapsed = 00:00:31 . Memory (MB): peak = 1325.297 ; gain = 171.766

Phase 3 Initial Routing
Phase 3 Initial Routing | Checksum: 3a487261

Time (s): cpu = 00:00:35 ; elapsed = 00:00:31 . Memory (MB): peak = 1325.297 ; gain = 171.766

Phase 4 Rip-up And Reroute

Phase 4.1 Global Iteration 0
 Number of Nodes with overlaps = 2
 Number of Nodes with overlaps = 0
Phase 4.1 Global Iteration 0 | Checksum: 29fd0245

Time (s): cpu = 00:00:35 ; elapsed = 00:00:31 . Memory (MB): peak = 1325.332 ; gain = 171.801
Phase 4 Rip-up And Reroute | Checksum: 29fd0245

Time (s): cpu = 00:00:35 ; elapsed = 00:00:31 . Memory (MB): peak = 1325.332 ; gain = 171.801

Phase 5 Delay and Skew Optimization
Phase 5 Delay and Skew Optimization | Checksum: 29fd0245

Time (s): cpu = 00:00:35 ; elapsed = 00:00:31 . Memory (MB): peak = 1325.332 ; gain = 171.801

Phase 6 Post Hold Fix

Phase 6.1 Hold Fix Iter
Phase 6.1 Hold Fix Iter | Checksum: 29fd0245

Time (s): cpu = 00:00:35 ; elapsed = 00:00:31 . Memory (MB): peak = 1325.332 ; gain = 171.801
Phase 6 Post Hold Fix | Checksum: 29fd0245

Time (s): cpu = 00:00:35 ; elapsed = 00:00:31 . Memory (MB): peak = 1325.332 ; gain = 171.801

Phase 7 Route finalize

Router Utilization Summary
  Global Vertical Routing Utilization    = 0.00265483 %
  Global Horizontal Routing Utilization  = 0.00227337 %
  Routable Net Status*
  *Does not include unroutable nets such as driverless and loadless.
  Run report_route_status for detailed report.
  Number of Failed Nets               = 0
  Number of Unrouted Nets             = 0
  Number of Partially Routed Nets     = 0
  Number of Node Overlaps             = 0

Congestion Report
North Dir 1x1 Area, Max Cong = 1.8018%, No Congested Regions.
South Dir 1x1 Area, Max Cong = 19.8198%, No Congested Regions.
East Dir 1x1 Area, Max Cong = 5.88235%, No Congested Regions.
West Dir 1x1 Area, Max Cong = 5.88235%, No Congested Regions.

------------------------------
Reporting congestion hotspots
------------------------------
Direction: North
----------------
Congested clusters found at Level 0
Effective congestion level: 0 Aspect Ratio: 1 Sparse Ratio: 0
Direction: South
----------------
Congested clusters found at Level 0
Effective congestion level: 0 Aspect Ratio: 1 Sparse Ratio: 0
Direction: East
----------------
Congested clusters found at Level 0
Effective congestion level: 0 Aspect Ratio: 1 Sparse Ratio: 0
Direction: West
----------------
Congested clusters found at Level 0
Effective congestion level: 0 Aspect Ratio: 1 Sparse Ratio: 0

Phase 7 Route finalize | Checksum: 29fd0245

Time (s): cpu = 00:00:35 ; elapsed = 00:00:31 . Memory (MB): peak = 1325.332 ; gain = 171.801

Phase 8 Verifying routed nets

 Verification completed successfully
Phase 8 Verifying routed nets | Checksum: 29fd0245

Time (s): cpu = 00:00:35 ; elapsed = 00:00:31 . Memory (MB): peak = 1327.617 ; gain = 174.086

Phase 9 Depositing Routes
Phase 9 Depositing Routes | Checksum: 29fd0245

Time (s): cpu = 00:00:35 ; elapsed = 00:00:31 . Memory (MB): peak = 1327.617 ; gain = 174.086
INFO: [Route 35-16] Router Completed Successfully

Time (s): cpu = 00:00:35 ; elapsed = 00:00:31 . Memory (MB): peak = 1327.617 ; gain = 174.086

Routing Is Done.
INFO: [Common 17-83] Releasing license: Implementation
52 Infos, 3 Warnings, 0 Critical Warnings and 0 Errors encountered.
route_design completed successfully
route_design: Time (s): cpu = 00:00:36 ; elapsed = 00:00:32 . Memory (MB): peak = 1327.617 ; gain = 174.086
WARNING: [Constraints 18-5210] No constraint will be written out.
Writing placer database...
Writing XDEF routing.
Writing XDEF routing logical nets.
Writing XDEF routing special nets.
Write XDEF Complete: Time (s): cpu = 00:00:00 ; elapsed = 00:00:00.042 . Memory (MB): peak = 1327.617 ; gain = 0.000
INFO: [Common 17-1381] The checkpoint 'D:/VivadoProjects/Sessie6_Opteller/Sessie6_Opteller.runs/impl_13/Optellen_routed.dcp' has been generated.
INFO: [runtcl-4] Executing : report_drc -file Optellen_drc_routed.rpt -pb Optellen_drc_routed.pb -rpx Optellen_drc_routed.rpx
Command: report_drc -file Optellen_drc_routed.rpt -pb Optellen_drc_routed.pb -rpx Optellen_drc_routed.rpx
INFO: [DRC 23-27] Running DRC with 2 threads
INFO: [Coretcl 2-168] The results of DRC are in file D:/VivadoProjects/Sessie6_Opteller/Sessie6_Opteller.runs/impl_13/Optellen_drc_routed.rpt.
report_drc completed successfully
INFO: [runtcl-4] Executing : report_methodology -file Optellen_methodology_drc_routed.rpt -pb Optellen_methodology_drc_routed.pb -rpx Optellen_methodology_drc_routed.rpx
Command: report_methodology -file Optellen_methodology_drc_routed.rpt -pb Optellen_methodology_drc_routed.pb -rpx Optellen_methodology_drc_routed.rpx
INFO: [Timing 38-35] Done setting XDC timing constraints.
INFO: [Timing 38-35] Done setting XDC timing constraints.
INFO: [DRC 23-133] Running Methodology with 2 threads
INFO: [Coretcl 2-1520] The results of Report Methodology are in file D:/VivadoProjects/Sessie6_Opteller/Sessie6_Opteller.runs/impl_13/Optellen_methodology_drc_routed.rpt.
report_methodology completed successfully
INFO: [runtcl-4] Executing : report_power -file Optellen_power_routed.rpt -pb Optellen_power_summary_routed.pb -rpx Optellen_power_routed.rpx
Command: report_power -file Optellen_power_routed.rpt -pb Optellen_power_summary_routed.pb -rpx Optellen_power_routed.rpx
WARNING: [Power 33-232] No user defined clocks were found in the design!
Resolution: Please specify clocks using create_clock/create_generated_clock for sequential elements. For pure combinatorial circuits, please specify a virtual clock, otherwise the vectorless estimation might be inaccurate
INFO: [Timing 38-35] Done setting XDC timing constraints.
Running Vector-less Activity Propagation...

Finished Running Vector-less Activity Propagation
63 Infos, 5 Warnings, 0 Critical Warnings and 0 Errors encountered.
report_power completed successfully
INFO: [runtcl-4] Executing : report_route_status -file Optellen_route_status.rpt -pb Optellen_route_status.pb
INFO: [runtcl-4] Executing : report_timing_summary -max_paths 10 -file Optellen_timing_summary_routed.rpt -pb Optellen_timing_summary_routed.pb -rpx Optellen_timing_summary_routed.rpx -warn_on_violation 
INFO: [Timing 38-91] UpdateTimingParams: Speed grade: -1, Delay Type: min_max, Timing Stage: Requireds.
INFO: [Timing 38-191] Multithreading enabled for timing update using a maximum of 2 CPUs
WARNING: [Timing 38-313] There are no user specified timing constraints. Timing constraints are needed for proper timing analysis.
INFO: [runtcl-4] Executing : report_incremental_reuse -file Optellen_incremental_reuse_routed.rpt
INFO: [Vivado_Tcl 4-545] No incremental reuse to report, no incremental placement and routing data was found.
INFO: [runtcl-4] Executing : report_clock_utilization -file Optellen_clock_utilization_routed.rpt
INFO: [runtcl-4] Executing : report_bus_skew -warn_on_violation -file Optellen_bus_skew_routed.rpt -pb Optellen_bus_skew_routed.pb -rpx Optellen_bus_skew_routed.rpx
INFO: [Timing 38-91] UpdateTimingParams: Speed grade: -1, Delay Type: min_max, Timing Stage: Requireds.
INFO: [Timing 38-191] Multithreading enabled for timing update using a maximum of 2 CPUs
INFO: [Common 17-206] Exiting Vivado at Sun Apr 14 23:52:58 2019...
